<?xml version="1.0" encoding="UTF-8"?>
<!-- Generated by org.testng.reporters.JUnitReportReporter -->
<testsuite hostname="GUS-LV" failures="0" tests="6" name="TestCases.ProductHomePage" time="19.809" errors="0" timestamp="2022-06-17T20:22:58 CST" skipped="0">
  <testcase classname="TestCases.ProductHomePage" name="TestCaseValidateProduct" time="1.155"/>
  <system-out/>
  <testcase classname="TestCases.ProductHomePage" name="TestCaseProductAddToCompare" time="1.886"/>
  <system-out/>
  <testcase classname="TestCases.ProductHomePage" name="TestCaseProductAddToCart" time="10.642"/>
  <system-out/>
  <testcase classname="TestCases.ProductHomePage" name="TestCaseValidateProductNotExist" time="1.418"/>
  <system-out/>
  <testcase classname="TestCases.ProductHomePage" name="TestCaseSelectCurrency" time="2.907"/>
  <system-out/>
  <testcase classname="TestCases.ProductHomePage" name="TestCaseProductAddToWishList" time="1.801"/>
  <system-out/>
</testsuite> <!-- TestCases.ProductHomePage -->
