<?xml version="1.0" encoding="UTF-8"?>
<!-- Generated by org.testng.reporters.JUnitReportReporter -->
<testsuite hostname="DESKTOP-5B1712L" failures="0" tests="2" name="TestCases.Auth" time="12.907" errors="0" timestamp="2022-06-02T20:42:49 CST" skipped="0">
  <testcase classname="TestCases.Auth" name="TestCaseRegisterWithoutPrivacyPolicy" time="2.770"/>
  <system-out/>
  <testcase classname="TestCases.Auth" name="TestCaseOptionRegister" time="10.137"/>
  <system-out/>
</testsuite> <!-- TestCases.Auth -->
