<?xml version="1.0" encoding="UTF-8"?>
<!-- Generated by org.testng.reporters.JUnitReportReporter -->
<testsuite hostname="GUS-LV" failures="0" tests="2" name="TestCases.ProductHomePage" time="25.108" errors="0" timestamp="2022-05-21T08:44:33 CST" skipped="0">
  <testcase classname="TestCases.ProductHomePage" name="TestCaseSelectCurrency" time="13.146"/>
  <system-out/>
  <testcase classname="TestCases.ProductHomePage" name="TestCaseProductAddToCart" time="11.962"/>
  <system-out/>
</testsuite> <!-- TestCases.ProductHomePage -->
