<?xml version="1.0" encoding="UTF-8"?>
<!-- Generated by org.testng.reporters.JUnitReportReporter -->
<testsuite hostname="GUS-LV" failures="0" tests="3" name="TestCases.SearchProduct" time="43.342" errors="0" timestamp="2022-05-20T22:41:44 CST" skipped="0">
  <testcase classname="TestCases.SearchProduct" name="TestCaseSearchChangeCriteria" time="18.249"/>
  <system-out/>
  <testcase classname="TestCases.SearchProduct" name="TestCaseSearchProductNotExist" time="12.074"/>
  <system-out/>
  <testcase classname="TestCases.SearchProduct" name="TestCaseSearchProductExist" time="13.019"/>
  <system-out/>
</testsuite> <!-- TestCases.SearchProduct -->
