<?xml version="1.0" encoding="UTF-8"?>
<!-- Generated by org.testng.reporters.JUnitReportReporter -->
<testsuite hostname="GUS-LV" failures="0" tests="2" name="TestCases.CheckoutOrder" time="23.201" errors="0" timestamp="2022-06-04T00:15:57 CST" skipped="0">
  <testcase classname="TestCases.CheckoutOrder" name="TestCaseCheckoutOrderAddNewAddress" time="11.223"/>
  <system-out/>
  <testcase classname="TestCases.CheckoutOrder" name="TestCaseCheckoutOrder" time="11.978"/>
  <system-out/>
</testsuite> <!-- TestCases.CheckoutOrder -->
