<?xml version="1.0" encoding="UTF-8"?>
<!-- Generated by org.testng.reporters.JUnitReportReporter -->
<testsuite hostname="GUS-LV" failures="0" tests="1" name="TestCases.CheckoutOrder" time="29.947" errors="0" timestamp="2022-05-20T22:44:39 CST" skipped="0">
  <testcase classname="TestCases.CheckoutOrder" name="TestCaseCheckoutOrderAddNewAddress" time="29.947"/>
  <system-out/>
</testsuite> <!-- TestCases.CheckoutOrder -->
