<?xml version="1.0" encoding="UTF-8"?>
<!-- Generated by org.testng.reporters.JUnitReportReporter -->
<testsuite hostname="GUS-LV" failures="0" tests="3" name="TestCases.Auth" time="56.194" errors="0" timestamp="2022-05-21T08:44:33 CST" skipped="0">
  <testcase classname="TestCases.Auth" name="TestCaseRegisterWithoutPrivacyPolicy" time="25.062"/>
  <system-out/>
  <testcase classname="TestCases.Auth" name="TestCaseLoginSuccess" time="15.436"/>
  <system-out/>
  <testcase classname="TestCases.Auth" name="TestCaseLoginIncorrect" time="15.696"/>
  <system-out/>
</testsuite> <!-- TestCases.Auth -->
