<?xml version="1.0" encoding="UTF-8"?>
<!-- Generated by org.testng.reporters.JUnitReportReporter -->
<testsuite hostname="GUS-LV" failures="0" tests="2" name="TestCases.Auth" time="21.418" errors="0" timestamp="2022-06-02T21:26:24 CST" skipped="0">
  <testcase classname="TestCases.Auth" name="TestCaseOptionRegister" time="4.805"/>
  <system-out/>
  <testcase classname="TestCases.Auth" name="TestCaseRegisterSuccess" time="16.613"/>
  <system-out/>
</testsuite> <!-- TestCases.Auth -->
