<?xml version="1.0" encoding="UTF-8"?>
<!-- Generated by org.testng.reporters.JUnitReportReporter -->
<testsuite hostname="GUS-LV" failures="0" tests="1" name="TestCases.ReviewProduct" time="22.357" errors="0" timestamp="2022-06-17T20:22:58 CST" skipped="0">
  <testcase classname="TestCases.ReviewProduct" name="TestCaseReviewProduct" time="22.357"/>
  <system-out/>
</testsuite> <!-- TestCases.ReviewProduct -->
