<?xml version="1.0" encoding="UTF-8"?>
<!-- Generated by org.testng.reporters.JUnitReportReporter -->
<testsuite hostname="GUS-LV" failures="0" tests="1" name="TestCases.Auth" time="19.956" errors="0" timestamp="2022-05-13T22:19:41 CST" skipped="0">
  <testcase classname="TestCases.Auth" name="TestCaseCorrectRegister" time="19.956"/>
  <system-out/>
</testsuite> <!-- TestCases.Auth -->
