<?xml version="1.0" encoding="UTF-8"?>
<!-- Generated by org.testng.reporters.JUnitReportReporter -->
<testsuite hostname="GUS-LV" failures="0" tests="8" name="TestCases.Auth" time="70.639" errors="0" timestamp="2022-06-17T20:22:58 CST" skipped="0">
  <testcase classname="TestCases.Auth" name="TestCaseOptionLogin" time="6.476"/>
  <system-out/>
  <testcase classname="TestCases.Auth" name="TestCaseLogout" time="6.001"/>
  <system-out/>
  <testcase classname="TestCases.Auth" name="TestCaseLoginIncorrect" time="4.149"/>
  <system-out/>
  <testcase classname="TestCases.Auth" name="TestCaseRegisterWithoutPrivacyPolicy" time="12.590"/>
  <system-out/>
  <testcase classname="TestCases.Auth" name="TestCaseOptionRegister" time="6.922"/>
  <system-out/>
  <testcase classname="TestCases.Auth" name="TestCaseRegisterSuccess" time="14.967"/>
  <system-out/>
  <testcase classname="TestCases.Auth" name="TestCaseLoginSuccess" time="6.810"/>
  <system-out/>
  <testcase classname="TestCases.Auth" name="TestCaseRegisterRepeatedEmail" time="12.724"/>
  <system-out/>
</testsuite> <!-- TestCases.Auth -->
