<?xml version="1.0" encoding="UTF-8"?>
<!-- Generated by org.testng.reporters.JUnitReportReporter -->
<testsuite hostname="GUS-LV" failures="0" tests="1" name="TestCases.CategoryOptions" time="6.257" errors="0" timestamp="2022-06-15T22:32:21 CST" skipped="0">
  <testcase classname="TestCases.CategoryOptions" name="TestCaseSelectCategory" time="6.257"/>
  <system-out/>
</testsuite> <!-- TestCases.CategoryOptions -->
