<?xml version="1.0" encoding="UTF-8"?>
<!-- Generated by org.testng.reporters.JUnitReportReporter -->
<testsuite hostname="GUS-LV" failures="0" tests="8" name="TestCases.Auth" time="36.124" errors="0" timestamp="2022-05-24T01:54:19 CST" skipped="0">
  <testcase classname="TestCases.Auth" name="TestCaseRegisterWithoutPrivacyPolicy" time="3.851"/>
  <system-out/>
  <testcase classname="TestCases.Auth" name="TestCaseLogout" time="4.730"/>
  <system-out/>
  <testcase classname="TestCases.Auth" name="TestCaseLoginIncorrect" time="5.821"/>
  <system-out/>
  <testcase classname="TestCases.Auth" name="TestCaseRegisterRepeatedEmail" time="3.407"/>
  <system-out/>
  <testcase classname="TestCases.Auth" name="TestCaseLoginSuccess" time="4.972"/>
  <system-out/>
  <testcase classname="TestCases.Auth" name="TestCaseOptionRegister" time="2.267"/>
  <system-out/>
  <testcase classname="TestCases.Auth" name="TestCaseOptionLogin" time="1.914"/>
  <system-out/>
  <testcase classname="TestCases.Auth" name="TestCaseRegisterSuccess" time="9.162"/>
  <system-out/>
</testsuite> <!-- TestCases.Auth -->
