<?xml version="1.0" encoding="UTF-8"?>
<!-- Generated by org.testng.reporters.JUnitReportReporter -->
<testsuite hostname="GUS-LV" failures="0" tests="3" name="TestCases.SearchProduct" time="16.235" errors="0" timestamp="2022-06-04T00:15:57 CST" skipped="0">
  <testcase classname="TestCases.SearchProduct" name="TestCaseSearchProductNotExist" time="2.827"/>
  <system-out/>
  <testcase classname="TestCases.SearchProduct" name="TestCaseSearchChangeCriteria" time="7.240"/>
  <system-out/>
  <testcase classname="TestCases.SearchProduct" name="TestCaseSearchProductExist" time="6.168"/>
  <system-out/>
</testsuite> <!-- TestCases.SearchProduct -->
