<?xml version="1.0" encoding="UTF-8"?>
<!-- Generated by org.testng.reporters.JUnitReportReporter -->
<testsuite hostname="GUS-LV" failures="0" tests="4" name="TestCases.Auth" time="26.239" errors="0" timestamp="2022-05-24T11:16:04 CST" skipped="0">
  <testcase classname="TestCases.Auth" name="TestCaseRegisterSuccess" time="8.333"/>
  <system-out/>
  <testcase classname="TestCases.Auth" name="TestCaseLoginSuccess" time="9.766"/>
  <system-out/>
  <testcase classname="TestCases.Auth" name="TestCaseOptionRegister" time="6.109"/>
  <system-out/>
  <testcase classname="TestCases.Auth" name="TestCaseOptionLogin" time="2.031"/>
  <system-out/>
</testsuite> <!-- TestCases.Auth -->
