<?xml version="1.0" encoding="UTF-8"?>
<!-- Generated by org.testng.reporters.JUnitReportReporter -->
<testsuite hostname="GUS-LV" failures="0" tests="8" name="TestCases.Auth" time="62.922" errors="0" timestamp="2022-06-16T10:30:53 CST" skipped="0">
  <testcase classname="TestCases.Auth" name="TestCaseRegisterRepeatedEmail" time="8.287"/>
  <system-out/>
  <testcase classname="TestCases.Auth" name="TestCaseLoginIncorrect" time="5.396"/>
  <system-out/>
  <testcase classname="TestCases.Auth" name="TestCaseLoginSuccess" time="6.728"/>
  <system-out/>
  <testcase classname="TestCases.Auth" name="TestCaseRegisterWithoutPrivacyPolicy" time="11.214"/>
  <system-out/>
  <testcase classname="TestCases.Auth" name="TestCaseRegisterSuccess" time="10.203"/>
  <system-out/>
  <testcase classname="TestCases.Auth" name="TestCaseOptionLogin" time="6.754"/>
  <system-out/>
  <testcase classname="TestCases.Auth" name="TestCaseLogout" time="7.951"/>
  <system-out/>
  <testcase classname="TestCases.Auth" name="TestCaseOptionRegister" time="6.389"/>
  <system-out/>
</testsuite> <!-- TestCases.Auth -->
