<?xml version="1.0" encoding="UTF-8"?>
<!-- Generated by org.testng.reporters.JUnitReportReporter -->
<testsuite hostname="GUS-LV" failures="0" tests="2" name="TestCases.SearchProduct" time="22.857" errors="0" timestamp="2022-06-17T22:10:03 CST" skipped="0">
  <testcase classname="TestCases.SearchProduct" name="TestCaseSearchChangeCriteria" time="13.961"/>
  <system-out/>
  <testcase classname="TestCases.SearchProduct" name="TestCaseSearchProductNotExist" time="8.896"/>
  <system-out/>
</testsuite> <!-- TestCases.SearchProduct -->
