<?xml version="1.0" encoding="UTF-8"?>
<!-- Generated by org.testng.reporters.JUnitReportReporter -->
<testsuite hostname="GUS-LV" failures="0" tests="8" name="TestCases.Auth" time="167.023" errors="0" timestamp="2022-05-20T22:41:44 CST" skipped="0">
  <testcase classname="TestCases.Auth" name="TestCaseOptionRegister" time="28.003"/>
  <system-out/>
  <testcase classname="TestCases.Auth" name="TestCaseLogout" time="21.726"/>
  <system-out/>
  <testcase classname="TestCases.Auth" name="TestCaseRegisterWithoutPrivacyPolicy" time="20.226"/>
  <system-out/>
  <testcase classname="TestCases.Auth" name="TestCaseRegisterSuccess" time="29.915"/>
  <system-out/>
  <testcase classname="TestCases.Auth" name="TestCaseRegisterRepeatedEmail" time="24.985"/>
  <system-out/>
  <testcase classname="TestCases.Auth" name="TestCaseLoginIncorrect" time="14.467"/>
  <system-out/>
  <testcase classname="TestCases.Auth" name="TestCaseLoginSuccess" time="15.231"/>
  <system-out/>
  <testcase classname="TestCases.Auth" name="TestCaseOptionLogin" time="12.470"/>
  <system-out/>
</testsuite> <!-- TestCases.Auth -->
