<?xml version="1.0" encoding="UTF-8"?>
<!-- Generated by org.testng.reporters.JUnitReportReporter -->
<testsuite hostname="GUS-LV" failures="0" tests="8" name="TestCases.Auth" time="38.707" errors="0" timestamp="2022-06-15T22:32:21 CST" skipped="0">
  <testcase classname="TestCases.Auth" name="TestCaseOptionRegister" time="6.393"/>
  <system-out/>
  <testcase classname="TestCases.Auth" name="TestCaseRegisterWithoutPrivacyPolicy" time="3.822"/>
  <system-out/>
  <testcase classname="TestCases.Auth" name="TestCaseLoginIncorrect" time="6.028"/>
  <system-out/>
  <testcase classname="TestCases.Auth" name="TestCaseOptionLogin" time="1.622"/>
  <system-out/>
  <testcase classname="TestCases.Auth" name="TestCaseLoginSuccess" time="4.868"/>
  <system-out/>
  <testcase classname="TestCases.Auth" name="TestCaseRegisterSuccess" time="7.106"/>
  <system-out/>
  <testcase classname="TestCases.Auth" name="TestCaseRegisterRepeatedEmail" time="3.520"/>
  <system-out/>
  <testcase classname="TestCases.Auth" name="TestCaseLogout" time="5.348"/>
  <system-out/>
</testsuite> <!-- TestCases.Auth -->
