<?xml version="1.0" encoding="UTF-8"?>
<!-- Generated by org.testng.reporters.JUnitReportReporter -->
<testsuite hostname="GUS-LV" failures="0" tests="3" name="TestCases.SearchProduct" time="27.740" errors="0" timestamp="2022-06-16T10:30:53 CST" skipped="0">
  <testcase classname="TestCases.SearchProduct" name="TestCaseSearchProductExist" time="9.601"/>
  <system-out/>
  <testcase classname="TestCases.SearchProduct" name="TestCaseSearchProductNotExist" time="3.849"/>
  <system-out/>
  <testcase classname="TestCases.SearchProduct" name="TestCaseSearchChangeCriteria" time="14.290"/>
  <system-out/>
</testsuite> <!-- TestCases.SearchProduct -->
