<?xml version="1.0" encoding="UTF-8"?>
<!-- Generated by org.testng.reporters.JUnitReportReporter -->
<testsuite hostname="GUS-LV" failures="0" tests="3" name="TestCases.SearchProduct" time="36.224" errors="0" timestamp="2022-05-20T12:58:55 CST" skipped="0">
  <testcase classname="TestCases.SearchProduct" name="TestCaseSearchProductNotExist" time="10.255"/>
  <system-out/>
  <testcase classname="TestCases.SearchProduct" name="TestCaseSearchChangeCriteria" time="17.300"/>
  <system-out/>
  <testcase classname="TestCases.SearchProduct" name="TestCaseSearchProductExist" time="8.669"/>
  <system-out/>
</testsuite> <!-- TestCases.SearchProduct -->
