<?xml version="1.0" encoding="UTF-8"?>
<!-- Generated by org.testng.reporters.JUnitReportReporter -->
<testsuite hostname="GUS-LV" failures="0" tests="8" name="TestCases.Auth" time="64.754" errors="0" timestamp="2022-06-17T23:14:10 CST" skipped="0">
  <testcase classname="TestCases.Auth" name="TestCaseOptionRegister" time="10.370"/>
  <system-out/>
  <testcase classname="TestCases.Auth" name="TestCaseLoginIncorrect" time="4.383"/>
  <system-out/>
  <testcase classname="TestCases.Auth" name="TestCaseRegisterWithoutPrivacyPolicy" time="7.912"/>
  <system-out/>
  <testcase classname="TestCases.Auth" name="TestCaseOptionLogin" time="2.460"/>
  <system-out/>
  <testcase classname="TestCases.Auth" name="TestCaseLogout" time="10.577"/>
  <system-out/>
  <testcase classname="TestCases.Auth" name="TestCaseRegisterSuccess" time="11.947"/>
  <system-out/>
  <testcase classname="TestCases.Auth" name="TestCaseRegisterRepeatedEmail" time="9.618"/>
  <system-out/>
  <testcase classname="TestCases.Auth" name="TestCaseLoginSuccess" time="7.487"/>
  <system-out/>
</testsuite> <!-- TestCases.Auth -->
