<?xml version="1.0" encoding="UTF-8"?>
<!-- Generated by org.testng.reporters.JUnitReportReporter -->
<testsuite hostname="GUS-LV" failures="0" tests="1" name="TestCases.CheckoutOrder" time="21.888" errors="0" timestamp="2022-05-20T12:58:55 CST" skipped="0">
  <testcase classname="TestCases.CheckoutOrder" name="TestCaseCheckoutOrder" time="21.888"/>
  <system-out/>
</testsuite> <!-- TestCases.CheckoutOrder -->
