<?xml version="1.0" encoding="UTF-8"?>
<!-- Generated by org.testng.reporters.JUnitReportReporter -->
<testsuite hostname="GUS-LV" failures="0" tests="3" name="TestCases.SearchProduct" time="22.666" errors="0" timestamp="2022-06-17T23:14:10 CST" skipped="0">
  <testcase classname="TestCases.SearchProduct" name="TestCaseSearchProductNotExist" time="3.629"/>
  <system-out/>
  <testcase classname="TestCases.SearchProduct" name="TestCaseSearchChangeCriteria" time="11.393"/>
  <system-out/>
  <testcase classname="TestCases.SearchProduct" name="TestCaseSearchProductExist" time="7.644"/>
  <system-out/>
</testsuite> <!-- TestCases.SearchProduct -->
