<?xml version="1.0" encoding="UTF-8"?>
<!-- Generated by org.testng.reporters.JUnitReportReporter -->
<testsuite hostname="GUS-LV" failures="0" tests="1" name="TestCases.CheckoutOrder" time="24.641" errors="0" timestamp="2022-05-18T22:44:30 CST" skipped="0">
  <testcase classname="TestCases.CheckoutOrder" name="TestCaseCheckoutOrder" time="24.641"/>
  <system-out/>
</testsuite> <!-- TestCases.CheckoutOrder -->
