<?xml version="1.0" encoding="UTF-8"?>
<!-- Generated by org.testng.reporters.JUnitReportReporter -->
<testsuite hostname="GUS-LV" failures="0" tests="6" name="TestCases.ProductHomePage" time="17.905" errors="0" timestamp="2022-06-17T23:14:10 CST" skipped="0">
  <testcase classname="TestCases.ProductHomePage" name="TestCaseProductAddToCart" time="2.407"/>
  <system-out/>
  <testcase classname="TestCases.ProductHomePage" name="TestCaseProductAddToWishList" time="2.655"/>
  <system-out/>
  <testcase classname="TestCases.ProductHomePage" name="TestCaseSelectCurrency" time="3.657"/>
  <system-out/>
  <testcase classname="TestCases.ProductHomePage" name="TestCaseProductAddToCompare" time="2.693"/>
  <system-out/>
  <testcase classname="TestCases.ProductHomePage" name="TestCaseValidateProductNotExist" time="1.834"/>
  <system-out/>
  <testcase classname="TestCases.ProductHomePage" name="TestCaseValidateProduct" time="4.659"/>
  <system-out/>
</testsuite> <!-- TestCases.ProductHomePage -->
