<?xml version="1.0" encoding="UTF-8"?>
<!-- Generated by org.testng.reporters.JUnitReportReporter -->
<testsuite hostname="GUS-LV" failures="0" tests="3" name="TestCases.SearchProduct" time="9.913" errors="0" timestamp="2022-05-24T01:54:19 CST" skipped="0">
  <testcase classname="TestCases.SearchProduct" name="TestCaseSearchChangeCriteria" time="4.016"/>
  <system-out/>
  <testcase classname="TestCases.SearchProduct" name="TestCaseSearchProductNotExist" time="1.496"/>
  <system-out/>
  <testcase classname="TestCases.SearchProduct" name="TestCaseSearchProductExist" time="4.401"/>
  <system-out/>
</testsuite> <!-- TestCases.SearchProduct -->
