<?xml version="1.0" encoding="UTF-8"?>
<!-- Generated by org.testng.reporters.JUnitReportReporter -->
<testsuite hostname="DESKTOP-5B1712L" failures="0" tests="1" name="TestCases.CategoryOptions" time="5.078" errors="0" timestamp="2022-06-03T20:24:26 CST" skipped="0">
  <testcase classname="TestCases.CategoryOptions" name="TestCaseSelectCategory" time="5.078"/>
  <system-out/>
</testsuite> <!-- TestCases.CategoryOptions -->
