<?xml version="1.0" encoding="UTF-8"?>
<!-- Generated by org.testng.reporters.JUnitReportReporter -->
<testsuite hostname="GUS-LV" failures="0" tests="6" name="TestCases.ProductHomePage" time="66.003" errors="0" timestamp="2022-05-20T22:41:44 CST" skipped="0">
  <testcase classname="TestCases.ProductHomePage" name="TestCaseProductAddToCompare" time="12.579"/>
  <system-out/>
  <testcase classname="TestCases.ProductHomePage" name="TestCaseValidateProductNotExist" time="8.939"/>
  <system-out/>
  <testcase classname="TestCases.ProductHomePage" name="TestCaseValidateProduct" time="8.696"/>
  <system-out/>
  <testcase classname="TestCases.ProductHomePage" name="TestCaseProductAddToWishList" time="11.315"/>
  <system-out/>
  <testcase classname="TestCases.ProductHomePage" name="TestCaseSelectCurrency" time="13.292"/>
  <system-out/>
  <testcase classname="TestCases.ProductHomePage" name="TestCaseProductAddToCart" time="11.182"/>
  <system-out/>
</testsuite> <!-- TestCases.ProductHomePage -->
