<?xml version="1.0" encoding="UTF-8"?>
<!-- Generated by org.testng.reporters.JUnitReportReporter -->
<testsuite hostname="GUS-LV" failures="0" tests="2" name="TestCases.CheckoutOrder" time="25.076" errors="0" timestamp="2022-06-15T22:32:21 CST" skipped="0">
  <testcase classname="TestCases.CheckoutOrder" name="TestCaseCheckoutOrder" time="10.185"/>
  <system-out/>
  <testcase classname="TestCases.CheckoutOrder" name="TestCaseCheckoutOrderAddNewAddress" time="14.891"/>
  <system-out/>
</testsuite> <!-- TestCases.CheckoutOrder -->
