<?xml version="1.0" encoding="UTF-8"?>
<!-- Generated by org.testng.reporters.JUnitReportReporter -->
<testsuite hostname="GUS-LV" failures="0" tests="6" name="TestCases.ProductHomePage" time="14.609" errors="0" timestamp="2022-06-15T22:32:21 CST" skipped="0">
  <testcase classname="TestCases.ProductHomePage" name="TestCaseProductAddToWishList" time="1.869"/>
  <system-out/>
  <testcase classname="TestCases.ProductHomePage" name="TestCaseProductAddToCompare" time="1.667"/>
  <system-out/>
  <testcase classname="TestCases.ProductHomePage" name="TestCaseValidateProductNotExist" time="1.150"/>
  <system-out/>
  <testcase classname="TestCases.ProductHomePage" name="TestCaseSelectCurrency" time="3.009"/>
  <system-out/>
  <testcase classname="TestCases.ProductHomePage" name="TestCaseValidateProduct" time="1.260"/>
  <system-out/>
  <testcase classname="TestCases.ProductHomePage" name="TestCaseProductAddToCart" time="5.654"/>
  <system-out/>
</testsuite> <!-- TestCases.ProductHomePage -->
