<?xml version="1.0" encoding="UTF-8"?>
<!-- Generated by org.testng.reporters.JUnitReportReporter -->
<testsuite hostname="GUS-LV" failures="0" tests="2" name="TestCases.CheckoutOrder" time="32.068" errors="0" timestamp="2022-06-16T10:30:53 CST" skipped="0">
  <testcase classname="TestCases.CheckoutOrder" name="TestCaseCheckoutOrderAddNewAddress" time="18.669"/>
  <system-out/>
  <testcase classname="TestCases.CheckoutOrder" name="TestCaseCheckoutOrder" time="13.399"/>
  <system-out/>
</testsuite> <!-- TestCases.CheckoutOrder -->
