<?xml version="1.0" encoding="UTF-8"?>
<!-- Generated by org.testng.reporters.JUnitReportReporter -->
<testsuite hostname="GUS-LV" failures="0" tests="2" name="TestCases.CheckoutOrder" time="33.754" errors="0" timestamp="2022-06-17T20:22:58 CST" skipped="0">
  <testcase classname="TestCases.CheckoutOrder" name="TestCaseCheckoutOrderAddNewAddress" time="17.801"/>
  <system-out/>
  <testcase classname="TestCases.CheckoutOrder" name="TestCaseCheckoutOrder" time="15.953"/>
  <system-out/>
</testsuite> <!-- TestCases.CheckoutOrder -->
