<?xml version="1.0" encoding="UTF-8"?>
<!-- Generated by org.testng.reporters.JUnitReportReporter -->
<testsuite hostname="GUS-LV" failures="0" tests="1" name="TestCases.ReviewProduct" time="21.695" errors="0" timestamp="2022-06-16T10:30:53 CST" skipped="0">
  <testcase classname="TestCases.ReviewProduct" name="TestCaseReviewProduct" time="21.695"/>
  <system-out/>
</testsuite> <!-- TestCases.ReviewProduct -->
