<?xml version="1.0" encoding="UTF-8"?>
<!-- Generated by org.testng.reporters.JUnitReportReporter -->
<testsuite hostname="GUS-LV" failures="0" tests="3" name="TestCases.SearchProduct" time="19.836" errors="0" timestamp="2022-06-15T22:32:21 CST" skipped="0">
  <testcase classname="TestCases.SearchProduct" name="TestCaseSearchProductNotExist" time="4.270"/>
  <system-out/>
  <testcase classname="TestCases.SearchProduct" name="TestCaseSearchProductExist" time="7.007"/>
  <system-out/>
  <testcase classname="TestCases.SearchProduct" name="TestCaseSearchChangeCriteria" time="8.559"/>
  <system-out/>
</testsuite> <!-- TestCases.SearchProduct -->
