<?xml version="1.0" encoding="UTF-8"?>
<!-- Generated by org.testng.reporters.JUnitReportReporter -->
<testsuite hostname="GUS-LV" failures="0" tests="8" name="TestCases.Auth" time="38.380" errors="0" timestamp="2022-06-04T00:15:57 CST" skipped="0">
  <testcase classname="TestCases.Auth" name="TestCaseRegisterWithoutPrivacyPolicy" time="6.536"/>
  <system-out/>
  <testcase classname="TestCases.Auth" name="TestCaseOptionRegister" time="2.887"/>
  <system-out/>
  <testcase classname="TestCases.Auth" name="TestCaseLogout" time="5.115"/>
  <system-out/>
  <testcase classname="TestCases.Auth" name="TestCaseRegisterSuccess" time="6.699"/>
  <system-out/>
  <testcase classname="TestCases.Auth" name="TestCaseOptionLogin" time="5.486"/>
  <system-out/>
  <testcase classname="TestCases.Auth" name="TestCaseLoginSuccess" time="4.989"/>
  <system-out/>
  <testcase classname="TestCases.Auth" name="TestCaseRegisterRepeatedEmail" time="3.480"/>
  <system-out/>
  <testcase classname="TestCases.Auth" name="TestCaseLoginIncorrect" time="3.188"/>
  <system-out/>
</testsuite> <!-- TestCases.Auth -->
