<?xml version="1.0" encoding="UTF-8"?>
<!-- Generated by org.testng.reporters.JUnitReportReporter -->
<testsuite hostname="GUS-LV" failures="0" tests="6" name="TestCases.ProductHomePage" time="10.224" errors="0" timestamp="2022-05-24T01:54:19 CST" skipped="0">
  <testcase classname="TestCases.ProductHomePage" name="TestCaseProductAddToCart" time="4.243"/>
  <system-out/>
  <testcase classname="TestCases.ProductHomePage" name="TestCaseProductAddToWishList" time="1.538"/>
  <system-out/>
  <testcase classname="TestCases.ProductHomePage" name="TestCaseValidateProduct" time="0.709"/>
  <system-out/>
  <testcase classname="TestCases.ProductHomePage" name="TestCaseValidateProductNotExist" time="0.764"/>
  <system-out/>
  <testcase classname="TestCases.ProductHomePage" name="TestCaseProductAddToCompare" time="1.136"/>
  <system-out/>
  <testcase classname="TestCases.ProductHomePage" name="TestCaseSelectCurrency" time="1.834"/>
  <system-out/>
</testsuite> <!-- TestCases.ProductHomePage -->
