<?xml version="1.0" encoding="UTF-8"?>
<!-- Generated by org.testng.reporters.JUnitReportReporter -->
<testsuite hostname="GUS-LV" failures="0" tests="2" name="TestCases.CheckoutOrder" time="44.230" errors="0" timestamp="2022-06-03T20:58:54 CST" skipped="0">
  <testcase classname="TestCases.CheckoutOrder" name="TestCaseCheckoutOrderAddNewAddress" time="25.709"/>
  <system-out/>
  <testcase classname="TestCases.CheckoutOrder" name="TestCaseCheckoutOrder" time="18.521"/>
  <system-out/>
</testsuite> <!-- TestCases.CheckoutOrder -->
